<?xml version="1.0" encoding="UTF-8"?>
<!-- Generated by org.testng.reporters.JUnitReportReporter -->
<testsuite hostname="DESKTOP-9OCID8C" failures="0" tests="1" name="testCases.TC002_LoginTest" time="1.887" errors="0" timestamp="2024-07-09T05:39:21 CLT" skipped="0">
  <testcase classname="testCases.TC002_LoginTest" name="verify_login" time="1.887"/>
</testsuite> <!-- testCases.TC002_LoginTest -->
